<?xml version="1.0" encoding="UTF-8"?>
<testsuite xmlns:xsi="http://www.w3.org/2001/XMLSchema-instance" xsi:noNamespaceSchemaLocation="https://maven.apache.org/surefire/maven-surefire-plugin/xsd/surefire-test-report.xsd" name="com.runway.test.ui.SyncData" time="295.075" tests="8" errors="0" skipped="0" failures="0">
  <properties>
[...]
</properties>
  <testcase name="syncDataUITest" classname="com.runway.test.ui.SyncData" time="48.421"/>
  <testcase name="syncDataLableTest" classname="com.runway.test.ui.SyncData" time="3.207"/>
  <testcase name="syncStatus" classname="com.runway.test.ui.SyncData" time="31.361"/>
  <testcase name="jobTriggeredTimeTest" classname="com.runway.test.ui.SyncData" time="129.124"/>
  <testcase name="syncDataSuccessStatusTest" classname="com.runway.test.ui.SyncData" time="24.338"/>
  <testcase name="syncDataFailedStatusTest" classname="com.runway.test.ui.SyncData" time="21.776"/>
  <testcase name="reprocessTestForFailedNoPODetails" classname="com.runway.test.ui.SyncData" time="18.91"/>
  <testcase name="reprocessForFailedJobs" classname="com.runway.test.ui.SyncData" time="3.169"/>
</testsuite>