<?xml version="1.0" encoding="UTF-8"?>
<testsuite xmlns:xsi="http://www.w3.org/2001/XMLSchema-instance" xsi:noNamespaceSchemaLocation="https://maven.apache.org/surefire/maven-surefire-plugin/xsd/surefire-test-report.xsd" name="com.runway.test.ui.SyncJobs" time="136.516" tests="7" errors="0" skipped="0" failures="7">
  <properties>
[...]
</properties>
  <testcase name="SyncJObsTest" classname="com.runway.test.ui.SyncJobs" time="28.573">
    <failure message="Index: 2, Size: 1" type="java.lang.IndexOutOfBoundsException">java.lang.IndexOutOfBoundsException: Index: 2, Size: 1
	at com.runway.test.ui.SyncJobs.SyncJObsTest(SyncJobs.java:130)
</failure>
    <system-out><![CDATA[os.name=windows 11
]]></system-out>
    <system-err><![CDATA[SLF4J: Class path contains multiple SLF4J bindings.
SLF4J: Found binding in [jar:file:/C:/Users/AkhilKamsani/.m2/repository/org/slf4j/slf4j-jdk14/1.7.7/slf4j-jdk14-1.7.7.jar!/org/slf4j/impl/StaticLoggerBinder.class]
SLF4J: Found binding in [jar:file:/C:/Users/AkhilKamsani/.m2/repository/org/slf4j/slf4j-log4j12/1.7.7/slf4j-log4j12-1.7.7.jar!/org/slf4j/impl/StaticLoggerBinder.class]
SLF4J: See http://www.slf4j.org/codes.html#multiple_bindings for an explanation.
SLF4J: Actual binding is of type [org.slf4j.impl.JDK14LoggerFactory]
Dec 14, 2022 4:49:24 PM com.ots.test.ui.common.utils.PropsHandler getProperties
INFO: Properties file test.properties
Dec 14, 2022 4:49:24 PM com.ots.test.ui.common.utils.UITestSeleniumHelper <init>
INFO: ***** UITestHAndler: APP_BASE_URL http://localhost:8080/WebApp
Dec 14, 2022 4:49:24 PM com.ots.test.ui.common.utils.TestNGCustomResults onStart
INFO: -->Starting Surefire test
Dec 14, 2022 4:49:24 PM com.ots.test.ui.common.utils.UITestSeleniumHelper openBrowser
INFO: Opening chrome
Dec 14, 2022 4:49:24 PM org.openqa.selenium.remote.DesiredCapabilities chrome
INFO: Using `new ChromeOptions()` is preferred to `DesiredCapabilities.chrome()`
Starting ChromeDriver 107.0.5304.62 (1eec40d3a5764881c92085aaee66d25075c159aa-refs/branch-heads/5304@{#942}) on port 49585
Only local connections are allowed.
Please see https://chromedriver.chromium.org/security-considerations for suggestions on keeping ChromeDriver safe.
ChromeDriver was started successfully.
[1671016768.112][WARNING]: This version of ChromeDriver has not been tested with Chrome version 108.
Dec 14, 2022 4:49:28 PM org.openqa.selenium.remote.ProtocolHandshake createSession
INFO: Detected dialect: W3C
Dec 14, 2022 4:49:28 PM com.ots.test.ui.common.utils.UITestSeleniumHelper maximizeWindow
INFO: Maximize window...
Dec 14, 2022 4:49:28 PM com.runway.test.ui.SyncJobs setup
INFO: Navigating URL
Dec 14, 2022 4:49:28 PM com.ots.test.ui.common.utils.UITestSeleniumHelper navigateTo
INFO: Going to url - https://witre.aims360runway.com/
Dec 14, 2022 4:49:34 PM com.ots.test.ui.common.utils.TestNGCustomResults onTestStart
INFO: -->Starting SyncJObsTest
Dec 14, 2022 4:49:34 PM com.ots.test.ui.common.utils.UITestSeleniumHelper loginPage
INFO: Getting UserName component and send username
Dec 14, 2022 4:49:35 PM com.ots.test.ui.common.utils.UITestSeleniumHelper loginPage
INFO: Getting password component and send password
Dec 14, 2022 4:49:35 PM com.ots.test.ui.common.utils.UITestSeleniumHelper loginPage
INFO: Getting Sign In component
Dec 14, 2022 4:49:35 PM com.runway.test.ui.SyncJobs SyncJObsTest
INFO: Clicking Sync Jobs
Dec 14, 2022 4:49:35 PM com.ots.test.ui.common.utils.UITestSeleniumHelper findElementsByClassName
INFO: Find elements by class: c-sidebar-nav-dropdown-toggle
Dec 14, 2022 4:49:41 PM com.ots.test.ui.common.utils.UITestSeleniumHelper findElementByXPath
INFO: Find an element by xpath: //a[text()='Sync Jobs']
Dec 14, 2022 4:49:44 PM com.runway.test.ui.SyncJobs SyncJObsTest
INFO: Selecting Show History dropdown
Dec 14, 2022 4:49:44 PM com.ots.test.ui.common.utils.UITestSeleniumHelper findElementByXPath
INFO: Find an element by xpath: //div[@class='col-md-3']//child::select
Dec 14, 2022 4:49:47 PM com.ots.test.ui.common.utils.UITestSeleniumHelper findElementsByXPath
INFO: Find elements by xpath: //div[@class='col-md-3']//child::select//child::option
Dec 14, 2022 4:49:50 PM com.runway.test.ui.SyncJobs SyncJObsTest
INFO: Clicking select option
Dec 14, 2022 4:49:50 PM com.ots.test.ui.common.utils.UITestSeleniumHelper findElementByXPath
INFO: Find an element by xpath: //option[@val='10']
Dec 14, 2022 4:49:53 PM com.ots.test.ui.common.utils.UITestSeleniumHelper findElementByTagName
INFO: Find an element by tagName: table
Dec 14, 2022 4:49:57 PM com.ots.test.ui.common.utils.UITestSeleniumHelper findElementByXPath
INFO: Find an element by xpath: //input[@placeholder='search']
Dec 14, 2022 4:50:00 PM com.ots.test.ui.common.utils.UITestSeleniumHelper findElementByTagName
INFO: Find an element by tagName: table
Dec 14, 2022 4:50:03 PM com.runway.test.ui.SyncJobs SyncJObsTest
INFO: Getting rows from Sync data table
Dec 14, 2022 4:50:03 PM com.ots.test.ui.common.utils.TestNGCustomResults onTestFailure
INFO: -->Failure SyncJObsTest
]]></system-err>
  </testcase>
  <testcase name="syncJobPaginationTest" classname="com.runway.test.ui.SyncJobs" time="31.329">
    <failure message="Expected condition failed: waiting for visibility of element located by By.xpath: //a[text()=&apos;›&apos;] (tried for 25 second(s) with 500 milliseconds interval)&#10;Build info: version: &apos;3.141.59&apos;, revision: &apos;e82be7d358&apos;, time: &apos;2018-11-14T08:17:03&apos;&#10;System info: host: &apos;NEXGEN84&apos;, ip: &apos;192.168.1.204&apos;, os.name: &apos;Windows 11&apos;, os.arch: &apos;amd64&apos;, os.version: &apos;10.0&apos;, java.version: &apos;1.8.0_341&apos;&#10;Driver info: org.openqa.selenium.chrome.ChromeDriver&#10;Capabilities {acceptInsecureCerts: false, browserName: chrome, browserVersion: 108.0.5359.124, chrome: {chromedriverVersion: 107.0.5304.62 (1eec40d3a576..., userDataDir: C:\Users\AKHILK~1\AppData\L...}, goog:chromeOptions: {debuggerAddress: localhost:56724}, javascriptEnabled: true, networkConnectionEnabled: false, pageLoadStrategy: normal, platform: WINDOWS, platformName: WINDOWS, proxy: Proxy(), setWindowRect: true, strictFileInteractability: false, timeouts: {implicit: 0, pageLoad: 300000, script: 30000}, unhandledPromptBehavior: dismiss and notify, webauthn:extension:credBlob: true, webauthn:extension:largeBlob: true, webauthn:virtualAuthenticators: true}&#10;Session ID: 7581db2dbdc24d9841cd5607b6a996a4" type="org.openqa.selenium.TimeoutException">org.openqa.selenium.TimeoutException: 
Expected condition failed: waiting for visibility of element located by By.xpath: //a[text()='›'] (tried for 25 second(s) with 500 milliseconds interval)
Build info: version: '3.141.59', revision: 'e82be7d358', time: '2018-11-14T08:17:03'
System info: host: 'NEXGEN84', ip: '192.168.1.204', os.name: 'Windows 11', os.arch: 'amd64', os.version: '10.0', java.version: '1.8.0_341'
Driver info: org.openqa.selenium.chrome.ChromeDriver
Capabilities {acceptInsecureCerts: false, browserName: chrome, browserVersion: 108.0.5359.124, chrome: {chromedriverVersion: 107.0.5304.62 (1eec40d3a576..., userDataDir: C:\Users\AKHILK~1\AppData\L...}, goog:chromeOptions: {debuggerAddress: localhost:56724}, javascriptEnabled: true, networkConnectionEnabled: false, pageLoadStrategy: normal, platform: WINDOWS, platformName: WINDOWS, proxy: Proxy(), setWindowRect: true, strictFileInteractability: false, timeouts: {implicit: 0, pageLoad: 300000, script: 30000}, unhandledPromptBehavior: dismiss and notify, webauthn:extension:credBlob: true, webauthn:extension:largeBlob: true, webauthn:virtualAuthenticators: true}
Session ID: 7581db2dbdc24d9841cd5607b6a996a4
	at com.runway.test.ui.SyncJobs.syncJobPaginationTest(SyncJobs.java:167)
</failure>
    <system-err><![CDATA[Dec 14, 2022 4:50:03 PM com.ots.test.ui.common.utils.TestNGCustomResults onTestStart
INFO: -->Starting syncJobPaginationTest
Dec 14, 2022 4:50:03 PM com.runway.test.ui.SyncJobs syncJobPaginationTest
INFO: Getting first Job Id Details 
Dec 14, 2022 4:50:03 PM com.ots.test.ui.common.utils.UITestSeleniumHelper findElementsByXPath
INFO: Find elements by xpath: //tr//child::td
Dec 14, 2022 4:50:06 PM com.runway.test.ui.SyncJobs syncJobPaginationTest
INFO: Clicking pagantion forward arrow icon
Dec 14, 2022 4:50:06 PM com.ots.test.ui.common.utils.UITestSeleniumHelper findElementByXPath
INFO: Find an element by xpath: //a[text()='›']
Dec 14, 2022 4:50:34 PM com.ots.test.ui.common.utils.TestNGCustomResults onTestFailure
INFO: -->Failure syncJobPaginationTest
]]></system-err>
  </testcase>
  <testcase name="purchaseOrderCountTest" classname="com.runway.test.ui.SyncJobs" time="3.137">
    <failure message="Index: 4, Size: 1" type="java.lang.IndexOutOfBoundsException">java.lang.IndexOutOfBoundsException: Index: 4, Size: 1
	at com.runway.test.ui.SyncJobs.purchaseOrderCountTest(SyncJobs.java:188)
</failure>
    <system-err><![CDATA[Dec 14, 2022 4:50:34 PM com.ots.test.ui.common.utils.TestNGCustomResults onTestStart
INFO: -->Starting purchaseOrderCountTest
Dec 14, 2022 4:50:34 PM com.runway.test.ui.SyncJobs purchaseOrderCountTest
INFO: Getting Items proccessed
Dec 14, 2022 4:50:34 PM com.ots.test.ui.common.utils.UITestSeleniumHelper findElementsByXPath
INFO: Find elements by xpath: //table//tr
Dec 14, 2022 4:50:37 PM com.runway.test.ui.SyncJobs purchaseOrderCountTest
INFO: Getting Items processed for first row from Sync data table
Dec 14, 2022 4:50:37 PM com.ots.test.ui.common.utils.TestNGCustomResults onTestFailure
INFO: -->Failure purchaseOrderCountTest
]]></system-err>
  </testcase>
  <testcase name="successCountTest" classname="com.runway.test.ui.SyncJobs" time="3.114">
    <failure message="Index: 1, Size: 1" type="java.lang.IndexOutOfBoundsException">java.lang.IndexOutOfBoundsException: Index: 1, Size: 1
	at com.runway.test.ui.SyncJobs.successCountTest(SyncJobs.java:222)
</failure>
    <system-err><![CDATA[Dec 14, 2022 4:50:38 PM com.ots.test.ui.common.utils.TestNGCustomResults onTestStart
INFO: -->Starting successCountTest
Dec 14, 2022 4:50:38 PM com.runway.test.ui.SyncJobs successCountTest
INFO: Clicking success count value
Dec 14, 2022 4:50:38 PM com.ots.test.ui.common.utils.UITestSeleniumHelper findElementsByXPath
INFO: Find elements by xpath: //table//tbody//tr
Dec 14, 2022 4:50:41 PM com.ots.test.ui.common.utils.TestNGCustomResults onTestFailure
INFO: -->Failure successCountTest
]]></system-err>
  </testcase>
  <testcase name="SyncedPoUrlTest" classname="com.runway.test.ui.SyncJobs" time="3.115">
    <failure message="Index: 1, Size: 1" type="java.lang.IndexOutOfBoundsException">java.lang.IndexOutOfBoundsException: Index: 1, Size: 1
	at com.runway.test.ui.SyncJobs.SyncedPoUrlTest(SyncJobs.java:256)
</failure>
    <system-err><![CDATA[Dec 14, 2022 4:50:41 PM com.ots.test.ui.common.utils.TestNGCustomResults onTestStart
INFO: -->Starting SyncedPoUrlTest
Dec 14, 2022 4:50:41 PM com.runway.test.ui.SyncJobs SyncedPoUrlTest
INFO: Clicking success count value
Dec 14, 2022 4:50:41 PM com.ots.test.ui.common.utils.UITestSeleniumHelper findElementsByXPath
INFO: Find elements by xpath: //table//tbody//tr
Dec 14, 2022 4:50:44 PM com.ots.test.ui.common.utils.TestNGCustomResults onTestFailure
INFO: -->Failure SyncedPoUrlTest
]]></system-err>
  </testcase>
  <testcase name="failedCountTest" classname="com.runway.test.ui.SyncJobs" time="28.271">
    <failure message="Expected condition failed: waiting for visibility of element located by By.xpath: //table//tbody//tr (tried for 25 second(s) with 500 milliseconds interval)" type="org.openqa.selenium.TimeoutException">org.openqa.selenium.TimeoutException: Expected condition failed: waiting for visibility of element located by By.xpath: //table//tbody//tr (tried for 25 second(s) with 500 milliseconds interval)
	at com.runway.test.ui.SyncJobs.failedCountTest(SyncJobs.java:275)
Caused by: org.openqa.selenium.NoSuchElementException: 
no such element: Unable to locate element: {"method":"xpath","selector":"//table//tbody//tr"}
  (Session info: chrome=108.0.5359.124)
For documentation on this error, please visit: https://www.seleniumhq.org/exceptions/no_such_element.html
Build info: version: '3.141.59', revision: 'e82be7d358', time: '2018-11-14T08:17:03'
System info: host: 'NEXGEN84', ip: '192.168.1.204', os.name: 'Windows 11', os.arch: 'amd64', os.version: '10.0', java.version: '1.8.0_341'
Driver info: org.openqa.selenium.chrome.ChromeDriver
Capabilities {acceptInsecureCerts: false, browserName: chrome, browserVersion: 108.0.5359.124, chrome: {chromedriverVersion: 107.0.5304.62 (1eec40d3a576..., userDataDir: C:\Users\AKHILK~1\AppData\L...}, goog:chromeOptions: {debuggerAddress: localhost:56724}, javascriptEnabled: true, networkConnectionEnabled: false, pageLoadStrategy: normal, platform: WINDOWS, platformName: WINDOWS, proxy: Proxy(), setWindowRect: true, strictFileInteractability: false, timeouts: {implicit: 0, pageLoad: 300000, script: 30000}, unhandledPromptBehavior: dismiss and notify, webauthn:extension:credBlob: true, webauthn:extension:largeBlob: true, webauthn:virtualAuthenticators: true}
Session ID: 7581db2dbdc24d9841cd5607b6a996a4
*** Element info: {Using=xpath, value=//table//tbody//tr}
	at com.runway.test.ui.SyncJobs.failedCountTest(SyncJobs.java:275)
</failure>
    <system-err><![CDATA[Dec 14, 2022 4:50:44 PM com.ots.test.ui.common.utils.TestNGCustomResults onTestStart
INFO: -->Starting failedCountTest
Dec 14, 2022 4:50:44 PM com.ots.test.ui.common.utils.UITestSeleniumHelper findElementsByXPath
INFO: Find elements by xpath: //table//tbody//tr
Dec 14, 2022 4:51:12 PM com.ots.test.ui.common.utils.TestNGCustomResults onTestFailure
INFO: -->Failure failedCountTest
]]></system-err>
  </testcase>
  <testcase name="jobIdfilterTest" classname="com.runway.test.ui.SyncJobs" time="28.058">
    <failure message="Expected condition failed: waiting for visibility of element located by By.xpath: //table//tr (tried for 25 second(s) with 500 milliseconds interval)" type="org.openqa.selenium.TimeoutException">org.openqa.selenium.TimeoutException: Expected condition failed: waiting for visibility of element located by By.xpath: //table//tr (tried for 25 second(s) with 500 milliseconds interval)
	at com.runway.test.ui.SyncJobs.jobIdfilterTest(SyncJobs.java:313)
Caused by: org.openqa.selenium.NoSuchElementException: 
no such element: Unable to locate element: {"method":"xpath","selector":"//table//tr"}
  (Session info: chrome=108.0.5359.124)
For documentation on this error, please visit: https://www.seleniumhq.org/exceptions/no_such_element.html
Build info: version: '3.141.59', revision: 'e82be7d358', time: '2018-11-14T08:17:03'
System info: host: 'NEXGEN84', ip: '192.168.1.204', os.name: 'Windows 11', os.arch: 'amd64', os.version: '10.0', java.version: '1.8.0_341'
Driver info: org.openqa.selenium.chrome.ChromeDriver
Capabilities {acceptInsecureCerts: false, browserName: chrome, browserVersion: 108.0.5359.124, chrome: {chromedriverVersion: 107.0.5304.62 (1eec40d3a576..., userDataDir: C:\Users\AKHILK~1\AppData\L...}, goog:chromeOptions: {debuggerAddress: localhost:56724}, javascriptEnabled: true, networkConnectionEnabled: false, pageLoadStrategy: normal, platform: WINDOWS, platformName: WINDOWS, proxy: Proxy(), setWindowRect: true, strictFileInteractability: false, timeouts: {implicit: 0, pageLoad: 300000, script: 30000}, unhandledPromptBehavior: dismiss and notify, webauthn:extension:credBlob: true, webauthn:extension:largeBlob: true, webauthn:virtualAuthenticators: true}
Session ID: 7581db2dbdc24d9841cd5607b6a996a4
*** Element info: {Using=xpath, value=//table//tr}
	at com.runway.test.ui.SyncJobs.jobIdfilterTest(SyncJobs.java:313)
</failure>
    <system-err><![CDATA[Dec 14, 2022 4:51:12 PM com.ots.test.ui.common.utils.TestNGCustomResults onTestStart
INFO: -->Starting jobIdfilterTest
Dec 14, 2022 4:51:12 PM com.runway.test.ui.SyncJobs jobIdfilterTest
INFO: Clicking success count value
Dec 14, 2022 4:51:12 PM com.ots.test.ui.common.utils.UITestSeleniumHelper findElementsByXPath
INFO: Find elements by xpath: //table//tr
Dec 14, 2022 4:51:40 PM com.ots.test.ui.common.utils.TestNGCustomResults onTestFailure
INFO: -->Failure jobIdfilterTest
]]></system-err>
  </testcase>
</testsuite>