<?xml version="1.0" encoding="UTF-8"?>
<!-- Generated by org.testng.reporters.JUnitXMLReporter -->
<testsuite ignored="116" hostname="Nexgen84" failures="0" tests="2" name="Test" time="38.805" errors="0" timestamp="2022-11-02T15:09:41 IST">
  <testcase classname="com.ots.test.ui.LoginTest" name="loginComponentsWithScanIsTrue" time="24.151"/>
  <testcase classname="com.ots.test.ui.LoginTest" name="validScanID" time="14.605"/>
  <testcase classname="com.ots.test.ui.OTSByDateTest" name="notificationHeaderTest" time="0.0">
    <ignored/>
  </testcase> <!-- notificationHeaderTest -->
  <testcase classname="com.ots.test.ui.LoginTest" name="loginWithEmptyDetails" time="0.0">
    <ignored/>
  </testcase> <!-- loginWithEmptyDetails -->
  <testcase classname="com.ots.test.ui.OTSByDateTest" name="OTSCalculationCheckBoxUncheckTest" time="0.0">
    <ignored/>
  </testcase> <!-- OTSCalculationCheckBoxUncheckTest -->
  <testcase classname="com.ots.test.ui.OTSByDateTest" name="navigateToOTSbyDate" time="0.0">
    <ignored/>
  </testcase> <!-- navigateToOTSbyDate -->
  <testcase classname="com.ots.test.ui.DashboardTest" name="profileIconTestBeforeClick" time="0.0">
    <ignored/>
  </testcase> <!-- profileIconTestBeforeClick -->
  <testcase classname="com.ots.test.ui.OTSByDateTest" name="sidebarTest" time="0.0">
    <ignored/>
  </testcase> <!-- sidebarTest -->
  <testcase classname="com.ots.test.ui.OTSByDateTest" name="OTSDateTestIncludeOTS" time="0.0">
    <ignored/>
  </testcase> <!-- OTSDateTestIncludeOTS -->
  <testcase classname="com.ots.test.ui.NegativeLoginTest" name="runReportDateNoOption" time="0.0">
    <ignored/>
  </testcase> <!-- runReportDateNoOption -->
  <testcase classname="com.ots.test.ui.OTSByDateTest" name="datePickePreviousrArrowIconClickTest" time="0.0">
    <ignored/>
  </testcase> <!-- datePickePreviousrArrowIconClickTest -->
  <testcase classname="com.ots.test.ui.OTSByDateTest" name="warehousesTest" time="0.0">
    <ignored/>
  </testcase> <!-- warehousesTest -->
  <testcase classname="com.ots.test.ui.OTSByDateTest" name="tagAllAndUnTagTest" time="0.0">
    <ignored/>
  </testcase> <!-- tagAllAndUnTagTest -->
  <testcase classname="com.ots.test.ui.OTSByDateTest" name="OTSDateTestRemoveDatefield" time="0.0">
    <ignored/>
  </testcase> <!-- OTSDateTestRemoveDatefield -->
  <testcase classname="com.ots.test.ui.OTSByDateTest" name="otsBySizeText" time="0.0">
    <ignored/>
  </testcase> <!-- otsBySizeText -->
  <testcase classname="com.ots.test.api.OTSApiTest" name="getAccessTokenApi" time="0.0">
    <ignored/>
  </testcase> <!-- getAccessTokenApi -->
  <testcase classname="com.ots.test.ui.OtsEnhancement" name="baseURL" time="0.0">
    <ignored/>
  </testcase> <!-- baseURL -->
  <testcase classname="com.ots.test.api.OTSApiTest" name="getWarehouse" time="0.0">
    <ignored/>
  </testcase> <!-- getWarehouse -->
  <testcase classname="com.ots.test.ui.OTSByDateTest" name="jobQueuedTest" time="0.0">
    <ignored/>
  </testcase> <!-- jobQueuedTest -->
  <testcase classname="com.ots.test.ui.OTSByDateTest" name="diplayStockTagAllTest" time="0.0">
    <ignored/>
  </testcase> <!-- diplayStockTagAllTest -->
  <testcase classname="com.ots.test.ui.LoginTest" name="invalidUserNameInScanId" time="0.0">
    <ignored/>
  </testcase> <!-- invalidUserNameInScanId -->
  <testcase classname="com.ots.test.ui.OTSByDateTest" name="dateFieldAndADDIconTest" time="0.0">
    <ignored/>
  </testcase> <!-- dateFieldAndADDIconTest -->
  <testcase classname="com.ots.test.ui.OTSByDateTest" name="diplayStockCheckBoxClickingTest" time="0.0">
    <ignored/>
  </testcase> <!-- diplayStockCheckBoxClickingTest -->
  <testcase classname="com.ots.test.ui.NegativeLoginTest" name="otsDateTestCheckEmptyDate" time="0.0">
    <ignored/>
  </testcase> <!-- otsDateTestCheckEmptyDate -->
  <testcase classname="com.ots.test.ui.OTSByDateTest" name="runReportEnableTest" time="0.0">
    <ignored/>
  </testcase> <!-- runReportEnableTest -->
  <testcase classname="com.ots.test.ui.OTSByDateTest" name="datePickerSelectDateTest" time="0.0">
    <ignored/>
  </testcase> <!-- datePickerSelectDateTest -->
  <testcase classname="com.ots.test.ui.OTSByDateTest" name="datePickerSendDatefield2" time="0.0">
    <ignored/>
  </testcase> <!-- datePickerSendDatefield2 -->
  <testcase classname="com.ots.test.ui.DashboardTest" name="profileIconTestAfterClick" time="0.0">
    <ignored/>
  </testcase> <!-- profileIconTestAfterClick -->
  <testcase classname="com.ots.test.ui.OTSByDateTest" name="footerLeftSideText" time="0.0">
    <ignored/>
  </testcase> <!-- footerLeftSideText -->
  <testcase classname="com.ots.test.ui.OTSByDateTest" name="sidebarMinimizercssTest" time="0.0">
    <ignored/>
  </testcase> <!-- sidebarMinimizercssTest -->
  <testcase classname="com.ots.test.ui.DashboardTest" name="NavigateToReports" time="0.0">
    <ignored/>
  </testcase> <!-- NavigateToReports -->
  <testcase classname="com.ots.test.ui.OTSByDateTest" name="afterRemovedDatefieldAddSymbol" time="0.0">
    <ignored/>
  </testcase> <!-- afterRemovedDatefieldAddSymbol -->
  <testcase classname="com.ots.test.ui.OTSByDateTest" name="login" time="0.0">
    <ignored/>
  </testcase> <!-- login -->
  <testcase classname="com.ots.test.ui.DashboardTest" name="logOut" time="0.0">
    <ignored/>
  </testcase> <!-- logOut -->
  <testcase classname="com.ots.test.ui.LoginTest" name="inValidUserNameAndValidPassword" time="0.0">
    <ignored/>
  </testcase> <!-- inValidUserNameAndValidPassword -->
  <testcase classname="com.ots.test.ui.LoginTest" name="loginEmptyUserNameAndValidPassword" time="0.0">
    <ignored/>
  </testcase> <!-- loginEmptyUserNameAndValidPassword -->
  <testcase classname="com.ots.test.ui.DashboardTest" name="themeIconTestAfterClick" time="0.0">
    <ignored/>
  </testcase> <!-- themeIconTestAfterClick -->
  <testcase classname="com.ots.test.ui.OTSByDateTest" name="OTSDateTestAddTest" time="0.0">
    <ignored/>
  </testcase> <!-- OTSDateTestAddTest -->
  <testcase classname="com.ots.test.ui.NegativeLoginTest" name="runReportDatePresentDate" time="0.0">
    <ignored/>
  </testcase> <!-- runReportDatePresentDate -->
  <testcase classname="com.ots.test.ui.OTSByDateTest" name="datePickerGrayedAndActiveDayTest" time="0.0">
    <ignored/>
  </testcase> <!-- datePickerGrayedAndActiveDayTest -->
  <testcase classname="com.ots.test.ui.NegativeLoginTest" name="otsDatePresentDate" time="0.0">
    <ignored/>
  </testcase> <!-- otsDatePresentDate -->
  <testcase classname="com.ots.test.ui.NegativeLoginTest" name="otsDateEmptyDateFieldAndErrorMessage" time="0.0">
    <ignored/>
  </testcase> <!-- otsDateEmptyDateFieldAndErrorMessage -->
  <testcase classname="com.ots.test.ui.OTSByDateTest" name="OTSDateTestSubTest" time="0.0">
    <ignored/>
  </testcase> <!-- OTSDateTestSubTest -->
  <testcase classname="com.ots.test.ui.OTSByDateTest" name="otsDateDatePickerTest" time="0.0">
    <ignored/>
  </testcase> <!-- otsDateDatePickerTest -->
  <testcase classname="com.ots.test.ui.OtsEnhancement" name="topBarWithDisplayStock" time="0.0">
    <ignored/>
  </testcase> <!-- topBarWithDisplayStock -->
  <testcase classname="com.ots.test.ui.OTSByDateTest" name="sidebarMinimizer" time="0.0">
    <ignored/>
  </testcase> <!-- sidebarMinimizer -->
  <testcase classname="com.ots.test.ui.OTSByDateTest" name="runReportTest" time="0.0">
    <ignored/>
  </testcase> <!-- runReportTest -->
  <testcase classname="com.ots.test.ui.LoginTest" name="emptyUserNameAndInvalidPassword" time="0.0">
    <ignored/>
  </testcase> <!-- emptyUserNameAndInvalidPassword -->
  <testcase classname="com.ots.test.ui.OTSByDateTest" name="OTSDateTestDefaultOption" time="0.0">
    <ignored/>
  </testcase> <!-- OTSDateTestDefaultOption -->
  <testcase classname="com.ots.test.ui.LoginTest" name="invalidUserNameAndPassword" time="0.0">
    <ignored/>
  </testcase> <!-- invalidUserNameAndPassword -->
  <testcase classname="com.ots.test.ui.OTSByDateTest" name="datePickerDayNameTest" time="0.0">
    <ignored/>
  </testcase> <!-- datePickerDayNameTest -->
  <testcase classname="com.ots.test.ui.OtsEnhancement" name="otsByDateUrlTest" time="0.0">
    <ignored/>
  </testcase> <!-- otsByDateUrlTest -->
  <testcase classname="com.ots.test.ui.OTSByDateTest" name="wareHouseDisplayStockTest" time="0.0">
    <ignored/>
  </testcase> <!-- wareHouseDisplayStockTest -->
  <testcase classname="com.ots.test.ui.OTSByDateTest" name="downLoadReportNotification" time="0.0">
    <ignored/>
  </testcase> <!-- downLoadReportNotification -->
  <testcase classname="com.ots.test.ui.OTSByDateTest" name="datePickerHeaderTest" time="0.0">
    <ignored/>
  </testcase> <!-- datePickerHeaderTest -->
  <testcase classname="com.ots.test.ui.DashboardTest" name="bellIconAfterClick" time="0.0">
    <ignored/>
  </testcase> <!-- bellIconAfterClick -->
  <testcase classname="com.ots.test.ui.OtsEnhancement" name="sideBarSubMenuForFullyQualifiedURL" time="0.0">
    <ignored/>
  </testcase> <!-- sideBarSubMenuForFullyQualifiedURL -->
  <testcase classname="com.ots.test.ui.NegativeLoginTest" name="otsDateAddDateFieldFutureDayTest" time="0.0">
    <ignored/>
  </testcase> <!-- otsDateAddDateFieldFutureDayTest -->
  <testcase classname="com.ots.test.ui.OTSByDateTest" name="otsCalculationLableNameTest" time="0.0">
    <ignored/>
  </testcase> <!-- otsCalculationLableNameTest -->
  <testcase classname="com.ots.test.ui.OtsEnhancement" name="caseInsensitiveEndPoints" time="0.0">
    <ignored/>
  </testcase> <!-- caseInsensitiveEndPoints -->
  <testcase classname="com.ots.test.ui.OTSByDateTest" name="footerRightSideText" time="0.0">
    <ignored/>
  </testcase> <!-- footerRightSideText -->
  <testcase classname="com.ots.test.ui.OtsEnhancement" name="sideBarMainMenuForFullyQualifiedURL" time="0.0">
    <ignored/>
  </testcase> <!-- sideBarMainMenuForFullyQualifiedURL -->
  <testcase classname="com.ots.test.ui.OTSByDateTest" name="jobCompletedTest" time="0.0">
    <ignored/>
  </testcase> <!-- jobCompletedTest -->
  <testcase classname="com.ots.test.ui.OTSByDateTest" name="OTSDateTestYesOptionCSS" time="0.0">
    <ignored/>
  </testcase> <!-- OTSDateTestYesOptionCSS -->
  <testcase classname="com.ots.test.ui.DashboardTest" name="dashboardIconTest" time="0.0">
    <ignored/>
  </testcase> <!-- dashboardIconTest -->
  <testcase classname="com.ots.test.ui.OTSByDateTest" name="fileTest" time="0.0">
    <ignored/>
  </testcase> <!-- fileTest -->
  <testcase classname="com.ots.test.ui.DashboardTest" name="headerToggleIconTestAfterClick" time="0.0">
    <ignored/>
  </testcase> <!-- headerToggleIconTestAfterClick -->
  <testcase classname="com.ots.test.ui.LoginTest" name="loginWithValidUserNameAndInvalidPassword" time="0.0">
    <ignored/>
  </testcase> <!-- loginWithValidUserNameAndInvalidPassword -->
  <testcase classname="com.ots.test.ui.OTSByDateTest" name="OTSDateTestYesOption" time="0.0">
    <ignored/>
  </testcase> <!-- OTSDateTestYesOption -->
  <testcase classname="com.ots.test.ui.OtsEnhancement" name="topBarTestWithOtsCalculation" time="0.0">
    <ignored/>
  </testcase> <!-- topBarTestWithOtsCalculation -->
  <testcase classname="com.ots.test.ui.OtsEnhancement" name="topBarTest" time="0.0">
    <ignored/>
  </testcase> <!-- topBarTest -->
  <testcase classname="com.ots.test.ui.NegativeLoginTest" name="login" time="0.0">
    <ignored/>
  </testcase> <!-- login -->
  <testcase classname="com.ots.test.ui.DashboardTest" name="bellIconAfterClickCSS" time="0.0">
    <ignored/>
  </testcase> <!-- bellIconAfterClickCSS -->
  <testcase classname="com.ots.test.ui.OTSByDateTest" name="sidebarMinimizerTest" time="0.0">
    <ignored/>
  </testcase> <!-- sidebarMinimizerTest -->
  <testcase classname="com.ots.test.api.OTSApiTest" name="login" time="0.0">
    <ignored/>
  </testcase> <!-- login -->
  <testcase classname="com.ots.test.ui.OTSByDateTest" name="wareHouseTestAllWarehouseText" time="0.0">
    <ignored/>
  </testcase> <!-- wareHouseTestAllWarehouseText -->
  <testcase classname="com.ots.test.ui.OTSByDateTest" name="OTSDateTestIncludeOTSOptions" time="0.0">
    <ignored/>
  </testcase> <!-- OTSDateTestIncludeOTSOptions -->
  <testcase classname="com.ots.test.api.OTSApiTest" name="authenticate" time="0.0">
    <ignored/>
  </testcase> <!-- authenticate -->
  <testcase classname="com.ots.test.ui.LoginTest" name="withoutSemicolonScanIdValidation" time="0.0">
    <ignored/>
  </testcase> <!-- withoutSemicolonScanIdValidation -->
  <testcase classname="com.ots.test.ui.OtsEnhancement" name="logoutForFullyQualifiedURL" time="0.0">
    <ignored/>
  </testcase> <!-- logoutForFullyQualifiedURL -->
  <testcase classname="com.ots.test.ui.OTSByDateTest" name="wareHouseTest" time="0.0">
    <ignored/>
  </testcase> <!-- wareHouseTest -->
  <testcase classname="com.ots.test.ui.OtsEnhancement" name="topBarWithOtsDate" time="0.0">
    <ignored/>
  </testcase> <!-- topBarWithOtsDate -->
  <testcase classname="com.ots.test.ui.OTSByDateTest" name="currentDateTest" time="0.0">
    <ignored/>
  </testcase> <!-- currentDateTest -->
  <testcase classname="com.ots.test.ui.LoginTest" name="loginWithValidUserNameAndEmptyPassword" time="0.0">
    <ignored/>
  </testcase> <!-- loginWithValidUserNameAndEmptyPassword -->
  <testcase classname="com.ots.test.ui.OtsEnhancement" name="refreshesTheApplicationForFullyQualifiedURL" time="0.0">
    <ignored/>
  </testcase> <!-- refreshesTheApplicationForFullyQualifiedURL -->
  <testcase classname="com.ots.test.ui.OTSByDateTest" name="otsBySizeTest" time="0.0">
    <ignored/>
  </testcase> <!-- otsBySizeTest -->
  <testcase classname="com.ots.test.ui.OTSByDateTest" name="datePickerHeaderdatefield2" time="0.0">
    <ignored/>
  </testcase> <!-- datePickerHeaderdatefield2 -->
  <testcase classname="com.ots.test.ui.OtsEnhancement" name="reportsUrlPatternTest" time="0.0">
    <ignored/>
  </testcase> <!-- reportsUrlPatternTest -->
  <testcase classname="com.ots.test.ui.OTSByDateTest" name="headerNameOTSbyDate" time="0.0">
    <ignored/>
  </testcase> <!-- headerNameOTSbyDate -->
  <testcase classname="com.ots.test.ui.DashboardTest" name="sideBarLogoTest" time="0.0">
    <ignored/>
  </testcase> <!-- sideBarLogoTest -->
  <testcase classname="com.ots.test.ui.NegativeLoginTest" name="runReportWithPastDateField" time="0.0">
    <ignored/>
  </testcase> <!-- runReportWithPastDateField -->
  <testcase classname="com.ots.test.ui.DashboardTest" name="NavigateToDashboard" time="0.0">
    <ignored/>
  </testcase> <!-- NavigateToDashboard -->
  <testcase classname="com.ots.test.ui.NegativeLoginTest" name="runReportWithPastDate" time="0.0">
    <ignored/>
  </testcase> <!-- runReportWithPastDate -->
  <testcase classname="com.ots.test.ui.OtsEnhancement" name="wmsSubComponentcaseSensitiveTest" time="0.0">
    <ignored/>
  </testcase> <!-- wmsSubComponentcaseSensitiveTest -->
  <testcase classname="com.ots.test.ui.OtsEnhancement" name="wrongURLendPointFOrMainMenuEndPoint" time="0.0">
    <ignored/>
  </testcase> <!-- wrongURLendPointFOrMainMenuEndPoint -->
  <testcase classname="com.ots.test.ui.LoginTest" name="loginComponentsWithScanIdIsFalse" time="0.0">
    <ignored/>
  </testcase> <!-- loginComponentsWithScanIdIsFalse -->
  <testcase classname="com.ots.test.ui.OTSByDateTest" name="runReportDisplayStockTest" time="0.0">
    <ignored/>
  </testcase> <!-- runReportDisplayStockTest -->
  <testcase classname="com.ots.test.ui.DashboardTest" name="login" time="0.0">
    <ignored/>
  </testcase> <!-- login -->
  <testcase classname="com.ots.test.ui.DashboardTest" name="bellIconTestBeforeClick" time="0.0">
    <ignored/>
  </testcase> <!-- bellIconTestBeforeClick -->
  <testcase classname="com.ots.test.ui.DashboardTest" name="landingWelcomePage" time="0.0">
    <ignored/>
  </testcase> <!-- landingWelcomePage -->
  <testcase classname="com.ots.test.ui.OTSByDateTest" name="OTSCalculationCheckBoxClickTest" time="0.0">
    <ignored/>
  </testcase> <!-- OTSCalculationCheckBoxClickTest -->
  <testcase classname="com.ots.test.ui.OTSByDateTest" name="logOut" time="0.0">
    <ignored/>
  </testcase> <!-- logOut -->
  <testcase classname="com.ots.test.ui.DashboardTest" name="ClientNameTest" time="0.0">
    <ignored/>
  </testcase> <!-- ClientNameTest -->
  <testcase classname="com.ots.test.ui.DashboardTest" name="themeIconTestbeforeClick" time="0.0">
    <ignored/>
  </testcase> <!-- themeIconTestbeforeClick -->
  <testcase classname="com.ots.test.ui.DashboardTest" name="profileName" time="0.0">
    <ignored/>
  </testcase> <!-- profileName -->
  <testcase classname="com.ots.test.ui.LoginTest" name="invalidUserNameAndEmptyPassword" time="0.0">
    <ignored/>
  </testcase> <!-- invalidUserNameAndEmptyPassword -->
  <testcase classname="com.ots.test.api.OTSApiTest" name="securityCodeAndZone" time="0.0">
    <ignored/>
  </testcase> <!-- securityCodeAndZone -->
  <testcase classname="com.ots.test.ui.NegativeLoginTest" name="runReportWithEmptyDate" time="0.0">
    <ignored/>
  </testcase> <!-- runReportWithEmptyDate -->
  <testcase classname="com.ots.test.ui.LoginTest" name="invalidpaswordInScanId" time="0.0">
    <ignored/>
  </testcase> <!-- invalidpaswordInScanId -->
  <testcase classname="com.ots.test.ui.NegativeLoginTest" name="addedDateFieldTest" time="0.0">
    <ignored/>
  </testcase> <!-- addedDateFieldTest -->
  <testcase classname="com.ots.test.ui.OTSByDateTest" name="afterRemovedSpecificDatefield" time="0.0">
    <ignored/>
  </testcase> <!-- afterRemovedSpecificDatefield -->
  <testcase classname="com.ots.test.ui.NegativeLoginTest" name="otsDatefutureDate" time="0.0">
    <ignored/>
  </testcase> <!-- otsDatefutureDate -->
  <testcase classname="com.ots.test.ui.NegativeLoginTest" name="otsDatePastDateErrorText" time="0.0">
    <ignored/>
  </testcase> <!-- otsDatePastDateErrorText -->
  <testcase classname="com.ots.test.ui.NegativeLoginTest" name="otsDatePastDateTest" time="0.0">
    <ignored/>
  </testcase> <!-- otsDatePastDateTest -->
  <testcase classname="com.ots.test.ui.DashboardTest" name="headerToggleIconTestbeforeClick" time="0.0">
    <ignored/>
  </testcase> <!-- headerToggleIconTestbeforeClick -->
  <testcase classname="com.ots.test.ui.OTSByDateTest" name="NavigateToReports" time="0.0">
    <ignored/>
  </testcase> <!-- NavigateToReports -->
  <testcase classname="com.ots.test.ui.OtsEnhancement" name="wrongURLendPointFOrSubMenuEndPoint" time="0.0">
    <ignored/>
  </testcase> <!-- wrongURLendPointFOrSubMenuEndPoint -->
  <testcase classname="com.ots.test.ui.NegativeLoginTest" name="runReportWithSameDate" time="0.0">
    <ignored/>
  </testcase> <!-- runReportWithSameDate -->
</testsuite> <!-- Test -->
